#
# There is insufficient memory for the Java Runtime Environment to continue.
# Native memory allocation (malloc) failed to allocate 32744 bytes for ChunkPool::allocate
# Possible reasons:
#   The system is out of physical RAM or swap space
#   The process is running with CompressedOops enabled, and the Java Heap may be blocking the growth of the native heap
# Possible solutions:
#   Reduce memory load on the system
#   Increase physical memory or swap space
#   Check if swap backing store is full
#   Decrease Java heap size (-Xmx/-Xms)
#   Decrease number of Java threads
#   Decrease Java thread stack sizes (-Xss)
#   Set larger code cache with -XX:ReservedCodeCacheSize=
#   JVM is running with Unscaled Compressed Oops mode in which the Java heap is
#     placed in the first 4GB address space. The Java Heap base address is the
#     maximum limit for the native heap growth. Please use -XX:HeapBaseMinAddress
#     to set the Java Heap base and to place the Java Heap above 4GB virtual address.
# This output file may be truncated or incomplete.
#
#  Out of Memory Error (t:/workspace/open/src/hotspot/share/memory/arena.cpp:81), pid=8340, tid=20684
#
# JRE version: OpenJDK Runtime Environment (11.0.2+9) (build 11.0.2+9)
# Java VM: OpenJDK 64-Bit Server VM (11.0.2+9, mixed mode, tiered, compressed oops, g1 gc, windows-amd64)
# No core dump will be written. Minidumps are not enabled by default on client versions of Windows
#

---------------  S U M M A R Y ------------

Command Line: -Xmx64m -Xms64m -Dorg.gradle.appname=gradlew C:\Users\MSI-1\Desktop\Bluetooth\Bluetooth\android\\gradle\wrapper\gradle-wrapper.jar app:installDebug -PreactNativeDevServerPort=8081

Host: 12th Gen Intel(R) Core(TM) i5-1235U, 12 cores, 15G,  Windows 10 , 64 bit Build 22621 (10.0.22621.5415)
Time: Thu Jul  3 16:25:44 2025 India Standard Time elapsed time: 0 seconds (0d 0h 0m 0s)

---------------  T H R E A D  ---------------

Current thread (0x00000221f64b4800):  JavaThread "C1 CompilerThread0" daemon [_thread_in_native, id=20684, stack(0x0000002881100000,0x0000002881200000)]


Current CompileTask:
C1:    233  367       3       java.util.regex.Pattern::escape (1323 bytes)

Stack: [0x0000002881100000,0x0000002881200000]
Native frames: (J=compiled Java code, j=interpreted, Vv=VM code, C=native code)
V  [jvm.dll+0x63489a]
V  [jvm.dll+0x771f9f]
V  [jvm.dll+0x773648]
V  [jvm.dll+0x773d03]
V  [jvm.dll+0x25eba8]
V  [jvm.dll+0xc23bb]
V  [jvm.dll+0xc271c]
V  [jvm.dll+0x1916e5]
V  [jvm.dll+0x1913fc]
V  [jvm.dll+0x12c30e]
V  [jvm.dll+0x12c592]
V  [jvm.dll+0x12c8bf]
V  [jvm.dll+0x12ba37]
V  [jvm.dll+0x12dad7]
V  [jvm.dll+0x226b3f]
V  [jvm.dll+0x225148]
V  [jvm.dll+0x73774d]
V  [jvm.dll+0x633942]
C  [ucrtbase.dll+0x29333]
C  [KERNEL32.DLL+0x1259d]
C  [ntdll.dll+0x5af78]


---------------  P R O C E S S  ---------------

Threads class SMR info:
_java_thread_list=0x00000221f6f40ec0, length=10, elements={
0x00000221db5dd000, 0x00000221f644e800, 0x00000221f6459800, 0x00000221f64ad000,
0x00000221f64af000, 0x00000221f64b0000, 0x00000221f64b4800, 0x00000221f64b9000,
0x00000221f6f3e000, 0x00000221f6f45000
}

Java Threads: ( => current thread )
  0x00000221db5dd000 JavaThread "main" [_thread_blocked, id=8900, stack(0x0000002880500000,0x0000002880600000)]
  0x00000221f644e800 JavaThread "Reference Handler" daemon [_thread_blocked, id=11316, stack(0x0000002880c00000,0x0000002880d00000)]
  0x00000221f6459800 JavaThread "Finalizer" daemon [_thread_blocked, id=12840, stack(0x0000002880d00000,0x0000002880e00000)]
  0x00000221f64ad000 JavaThread "Signal Dispatcher" daemon [_thread_blocked, id=24456, stack(0x0000002880e00000,0x0000002880f00000)]
  0x00000221f64af000 JavaThread "Attach Listener" daemon [_thread_blocked, id=20400, stack(0x0000002880f00000,0x0000002881000000)]
  0x00000221f64b0000 JavaThread "C2 CompilerThread0" daemon [_thread_in_native, id=21132, stack(0x0000002881000000,0x0000002881100000)]
=>0x00000221f64b4800 JavaThread "C1 CompilerThread0" daemon [_thread_in_native, id=20684, stack(0x0000002881100000,0x0000002881200000)]
  0x00000221f64b9000 JavaThread "Sweeper thread" daemon [_thread_blocked, id=13836, stack(0x0000002881200000,0x0000002881300000)]
  0x00000221f6f3e000 JavaThread "Service Thread" daemon [_thread_blocked, id=21080, stack(0x0000002881300000,0x0000002881400000)]
  0x00000221f6f45000 JavaThread "Common-Cleaner" daemon [_thread_blocked, id=22140, stack(0x0000002881500000,0x0000002881600000)]

Other Threads:
  0x00000221f642c000 VMThread "VM Thread" [stack: 0x0000002880b00000,0x0000002880c00000] [id=19208]
  0x00000221f6f43000 WatcherThread [stack: 0x0000002881400000,0x0000002881500000] [id=19032]
  0x00000221db5f5000 GCTaskThread "GC Thread#0" [stack: 0x0000002880600000,0x0000002880700000] [id=17148]
  0x00000221db5fb800 ConcurrentGCThread "G1 Main Marker" [stack: 0x0000002880700000,0x0000002880800000] [id=17104]
  0x00000221db5fe000 ConcurrentGCThread "G1 Conc#0" [stack: 0x0000002880800000,0x0000002880900000] [id=10400]
  0x00000221db66d800 ConcurrentGCThread "G1 Refine#0" [stack: 0x0000002880900000,0x0000002880a00000] [id=19880]
  0x00000221db66e800 ConcurrentGCThread "G1 Young RemSet Sampling" [stack: 0x0000002880a00000,0x0000002880b00000] [id=3156]

Threads with active compile tasks:
C2 CompilerThread0 355 %     4       java.lang.StringLatin1::toLowerCase @ 114 (180 bytes)
C1 CompilerThread0 367       3       java.util.regex.Pattern::escape (1323 bytes)

VM state:not at safepoint (normal execution)

VM Mutex/Monitor currently owned by a thread: None

OutOfMemory and StackOverflow Exception counts:
OutOfMemoryError java_heap_errors=1
LinkageErrors=3

Heap address: 0x00000000fc000000, size: 64 MB, Compressed Oops mode: 32-bit
Narrow klass base: 0x0000000000000000, Narrow klass shift: 3
Compressed class space size: 1073741824 Address: 0x0000000100000000

Heap:
 garbage-first heap   total 65536K, used 6144K [0x00000000fc000000, 0x0000000100000000)
  region size 1024K, 7 young (7168K), 0 survivors (0K)
 Metaspace       used 7114K, capacity 7277K, committed 7424K, reserved 1056768K
  class space    used 636K, capacity 682K, committed 768K, reserved 1048576K
Heap Regions: E=young(eden), S=young(survivor), O=old, HS=humongous(starts), HC=humongous(continues), CS=collection set, F=free, A=archive, TAMS=top-at-mark-start (previous, next)
|   0|0x00000000fc000000, 0x00000000fc000000, 0x00000000fc100000|  0%| F|  |TAMS 0x00000000fc000000, 0x00000000fc000000| Untracked 
|   1|0x00000000fc100000, 0x00000000fc100000, 0x00000000fc200000|  0%| F|  |TAMS 0x00000000fc100000, 0x00000000fc100000| Untracked 
|   2|0x00000000fc200000, 0x00000000fc200000, 0x00000000fc300000|  0%| F|  |TAMS 0x00000000fc200000, 0x00000000fc200000| Untracked 
|   3|0x00000000fc300000, 0x00000000fc300000, 0x00000000fc400000|  0%| F|  |TAMS 0x00000000fc300000, 0x00000000fc300000| Untracked 
|   4|0x00000000fc400000, 0x00000000fc400000, 0x00000000fc500000|  0%| F|  |TAMS 0x00000000fc400000, 0x00000000fc400000| Untracked 
|   5|0x00000000fc500000, 0x00000000fc500000, 0x00000000fc600000|  0%| F|  |TAMS 0x00000000fc500000, 0x00000000fc500000| Untracked 
|   6|0x00000000fc600000, 0x00000000fc600000, 0x00000000fc700000|  0%| F|  |TAMS 0x00000000fc600000, 0x00000000fc600000| Untracked 
|   7|0x00000000fc700000, 0x00000000fc700000, 0x00000000fc800000|  0%| F|  |TAMS 0x00000000fc700000, 0x00000000fc700000| Untracked 
|   8|0x00000000fc800000, 0x00000000fc800000, 0x00000000fc900000|  0%| F|  |TAMS 0x00000000fc800000, 0x00000000fc800000| Untracked 
|   9|0x00000000fc900000, 0x00000000fc900000, 0x00000000fca00000|  0%| F|  |TAMS 0x00000000fc900000, 0x00000000fc900000| Untracked 
|  10|0x00000000fca00000, 0x00000000fca00000, 0x00000000fcb00000|  0%| F|  |TAMS 0x00000000fca00000, 0x00000000fca00000| Untracked 
|  11|0x00000000fcb00000, 0x00000000fcb00000, 0x00000000fcc00000|  0%| F|  |TAMS 0x00000000fcb00000, 0x00000000fcb00000| Untracked 
|  12|0x00000000fcc00000, 0x00000000fcc00000, 0x00000000fcd00000|  0%| F|  |TAMS 0x00000000fcc00000, 0x00000000fcc00000| Untracked 
|  13|0x00000000fcd00000, 0x00000000fcd00000, 0x00000000fce00000|  0%| F|  |TAMS 0x00000000fcd00000, 0x00000000fcd00000| Untracked 
|  14|0x00000000fce00000, 0x00000000fce00000, 0x00000000fcf00000|  0%| F|  |TAMS 0x00000000fce00000, 0x00000000fce00000| Untracked 
|  15|0x00000000fcf00000, 0x00000000fcf00000, 0x00000000fd000000|  0%| F|  |TAMS 0x00000000fcf00000, 0x00000000fcf00000| Untracked 
|  16|0x00000000fd000000, 0x00000000fd000000, 0x00000000fd100000|  0%| F|  |TAMS 0x00000000fd000000, 0x00000000fd000000| Untracked 
|  17|0x00000000fd100000, 0x00000000fd100000, 0x00000000fd200000|  0%| F|  |TAMS 0x00000000fd100000, 0x00000000fd100000| Untracked 
|  18|0x00000000fd200000, 0x00000000fd200000, 0x00000000fd300000|  0%| F|  |TAMS 0x00000000fd200000, 0x00000000fd200000| Untracked 
|  19|0x00000000fd300000, 0x00000000fd300000, 0x00000000fd400000|  0%| F|  |TAMS 0x00000000fd300000, 0x00000000fd300000| Untracked 
|  20|0x00000000fd400000, 0x00000000fd400000, 0x00000000fd500000|  0%| F|  |TAMS 0x00000000fd400000, 0x00000000fd400000| Untracked 
|  21|0x00000000fd500000, 0x00000000fd500000, 0x00000000fd600000|  0%| F|  |TAMS 0x00000000fd500000, 0x00000000fd500000| Untracked 
|  22|0x00000000fd600000, 0x00000000fd600000, 0x00000000fd700000|  0%| F|  |TAMS 0x00000000fd600000, 0x00000000fd600000| Untracked 
|  23|0x00000000fd700000, 0x00000000fd700000, 0x00000000fd800000|  0%| F|  |TAMS 0x00000000fd700000, 0x00000000fd700000| Untracked 
|  24|0x00000000fd800000, 0x00000000fd800000, 0x00000000fd900000|  0%| F|  |TAMS 0x00000000fd800000, 0x00000000fd800000| Untracked 
|  25|0x00000000fd900000, 0x00000000fd900000, 0x00000000fda00000|  0%| F|  |TAMS 0x00000000fd900000, 0x00000000fd900000| Untracked 
|  26|0x00000000fda00000, 0x00000000fda00000, 0x00000000fdb00000|  0%| F|  |TAMS 0x00000000fda00000, 0x00000000fda00000| Untracked 
|  27|0x00000000fdb00000, 0x00000000fdb00000, 0x00000000fdc00000|  0%| F|  |TAMS 0x00000000fdb00000, 0x00000000fdb00000| Untracked 
|  28|0x00000000fdc00000, 0x00000000fdc00000, 0x00000000fdd00000|  0%| F|  |TAMS 0x00000000fdc00000, 0x00000000fdc00000| Untracked 
|  29|0x00000000fdd00000, 0x00000000fdd00000, 0x00000000fde00000|  0%| F|  |TAMS 0x00000000fdd00000, 0x00000000fdd00000| Untracked 
|  30|0x00000000fde00000, 0x00000000fde00000, 0x00000000fdf00000|  0%| F|  |TAMS 0x00000000fde00000, 0x00000000fde00000| Untracked 
|  31|0x00000000fdf00000, 0x00000000fdf00000, 0x00000000fe000000|  0%| F|  |TAMS 0x00000000fdf00000, 0x00000000fdf00000| Untracked 
|  32|0x00000000fe000000, 0x00000000fe000000, 0x00000000fe100000|  0%| F|  |TAMS 0x00000000fe000000, 0x00000000fe000000| Untracked 
|  33|0x00000000fe100000, 0x00000000fe100000, 0x00000000fe200000|  0%| F|  |TAMS 0x00000000fe100000, 0x00000000fe100000| Untracked 
|  34|0x00000000fe200000, 0x00000000fe200000, 0x00000000fe300000|  0%| F|  |TAMS 0x00000000fe200000, 0x00000000fe200000| Untracked 
|  35|0x00000000fe300000, 0x00000000fe300000, 0x00000000fe400000|  0%| F|  |TAMS 0x00000000fe300000, 0x00000000fe300000| Untracked 
|  36|0x00000000fe400000, 0x00000000fe400000, 0x00000000fe500000|  0%| F|  |TAMS 0x00000000fe400000, 0x00000000fe400000| Untracked 
|  37|0x00000000fe500000, 0x00000000fe500000, 0x00000000fe600000|  0%| F|  |TAMS 0x00000000fe500000, 0x00000000fe500000| Untracked 
|  38|0x00000000fe600000, 0x00000000fe600000, 0x00000000fe700000|  0%| F|  |TAMS 0x00000000fe600000, 0x00000000fe600000| Untracked 
|  39|0x00000000fe700000, 0x00000000fe700000, 0x00000000fe800000|  0%| F|  |TAMS 0x00000000fe700000, 0x00000000fe700000| Untracked 
|  40|0x00000000fe800000, 0x00000000fe800000, 0x00000000fe900000|  0%| F|  |TAMS 0x00000000fe800000, 0x00000000fe800000| Untracked 
|  41|0x00000000fe900000, 0x00000000fe900000, 0x00000000fea00000|  0%| F|  |TAMS 0x00000000fe900000, 0x00000000fe900000| Untracked 
|  42|0x00000000fea00000, 0x00000000fea00000, 0x00000000feb00000|  0%| F|  |TAMS 0x00000000fea00000, 0x00000000fea00000| Untracked 
|  43|0x00000000feb00000, 0x00000000feb00000, 0x00000000fec00000|  0%| F|  |TAMS 0x00000000feb00000, 0x00000000feb00000| Untracked 
|  44|0x00000000fec00000, 0x00000000fec00000, 0x00000000fed00000|  0%| F|  |TAMS 0x00000000fec00000, 0x00000000fec00000| Untracked 
|  45|0x00000000fed00000, 0x00000000fed00000, 0x00000000fee00000|  0%| F|  |TAMS 0x00000000fed00000, 0x00000000fed00000| Untracked 
|  46|0x00000000fee00000, 0x00000000fee00000, 0x00000000fef00000|  0%| F|  |TAMS 0x00000000fee00000, 0x00000000fee00000| Untracked 
|  47|0x00000000fef00000, 0x00000000fef00000, 0x00000000ff000000|  0%| F|  |TAMS 0x00000000fef00000, 0x00000000fef00000| Untracked 
|  48|0x00000000ff000000, 0x00000000ff000000, 0x00000000ff100000|  0%| F|  |TAMS 0x00000000ff000000, 0x00000000ff000000| Untracked 
|  49|0x00000000ff100000, 0x00000000ff100000, 0x00000000ff200000|  0%| F|  |TAMS 0x00000000ff100000, 0x00000000ff100000| Untracked 
|  50|0x00000000ff200000, 0x00000000ff200000, 0x00000000ff300000|  0%| F|  |TAMS 0x00000000ff200000, 0x00000000ff200000| Untracked 
|  51|0x00000000ff300000, 0x00000000ff300000, 0x00000000ff400000|  0%| F|  |TAMS 0x00000000ff300000, 0x00000000ff300000| Untracked 
|  52|0x00000000ff400000, 0x00000000ff400000, 0x00000000ff500000|  0%| F|  |TAMS 0x00000000ff400000, 0x00000000ff400000| Untracked 
|  53|0x00000000ff500000, 0x00000000ff500000, 0x00000000ff600000|  0%| F|  |TAMS 0x00000000ff500000, 0x00000000ff500000| Untracked 
|  54|0x00000000ff600000, 0x00000000ff600000, 0x00000000ff700000|  0%| F|  |TAMS 0x00000000ff600000, 0x00000000ff600000| Untracked 
|  55|0x00000000ff700000, 0x00000000ff700000, 0x00000000ff800000|  0%| F|  |TAMS 0x00000000ff700000, 0x00000000ff700000| Untracked 
|  56|0x00000000ff800000, 0x00000000ff800000, 0x00000000ff900000|  0%| F|  |TAMS 0x00000000ff800000, 0x00000000ff800000| Untracked 
|  57|0x00000000ff900000, 0x00000000ff97b650, 0x00000000ffa00000| 48%| E|  |TAMS 0x00000000ff900000, 0x00000000ff900000| Complete 
|  58|0x00000000ffa00000, 0x00000000ffb00000, 0x00000000ffb00000|100%| E|CS|TAMS 0x00000000ffa00000, 0x00000000ffa00000| Complete 
|  59|0x00000000ffb00000, 0x00000000ffc00000, 0x00000000ffc00000|100%| E|CS|TAMS 0x00000000ffb00000, 0x00000000ffb00000| Complete 
|  60|0x00000000ffc00000, 0x00000000ffd00000, 0x00000000ffd00000|100%| E|CS|TAMS 0x00000000ffc00000, 0x00000000ffc00000| Complete 
|  61|0x00000000ffd00000, 0x00000000ffe00000, 0x00000000ffe00000|100%| E|CS|TAMS 0x00000000ffd00000, 0x00000000ffd00000| Complete 
|  62|0x00000000ffe00000, 0x00000000fff00000, 0x00000000fff00000|100%| E|CS|TAMS 0x00000000ffe00000, 0x00000000ffe00000| Complete 
|  63|0x00000000fff00000, 0x0000000100000000, 0x0000000100000000|100%| E|CS|TAMS 0x00000000fff00000, 0x00000000fff00000| Complete 

Card table byte_map: [0x00000221f35e0000,0x00000221f3600000] _byte_map_base: 0x00000221f2e00000

Marking Bits (Prev, Next): (CMBitMap*) 0x00000221db5fa928, (CMBitMap*) 0x00000221db5fa960
 Prev Bits: [0x00000221f3620000, 0x00000221f3720000)
 Next Bits: [0x00000221f3720000, 0x00000221f3820000)

Polling page: 0x00000221db6c0000

Metaspace:

Usage:
  Non-class:      6.44 MB capacity,     6.33 MB ( 98%) used,   111.18 KB (  2%) free+waste,     4.94 KB ( <1%) overhead. 
      Class:    682.00 KB capacity,   636.03 KB ( 93%) used,    43.53 KB (  6%) free+waste,     2.44 KB ( <1%) overhead. 
       Both:      7.11 MB capacity,     6.95 MB ( 98%) used,   154.71 KB (  2%) free+waste,     7.38 KB ( <1%) overhead. 

Virtual space:
  Non-class space:        8.00 MB reserved,       6.50 MB ( 81%) committed 
      Class space:        1.00 GB reserved,     768.00 KB ( <1%) committed 
             Both:        1.01 GB reserved,       7.25 MB ( <1%) committed 

Chunk freelists:
   Non-Class:  7.63 KB
       Class:  0 bytes
        Both:  7.63 KB

CodeHeap 'non-profiled nmethods': size=120000Kb used=97Kb max_used=97Kb free=119902Kb
 bounds [0x00000221eb3f0000, 0x00000221eb660000, 0x00000221f2920000]
CodeHeap 'profiled nmethods': size=120000Kb used=568Kb max_used=568Kb free=119431Kb
 bounds [0x00000221e3ec0000, 0x00000221e4130000, 0x00000221eb3f0000]
CodeHeap 'non-nmethods': size=5760Kb used=1062Kb max_used=1074Kb free=4697Kb
 bounds [0x00000221e3920000, 0x00000221e3b90000, 0x00000221e3ec0000]
 total_blobs=823 nmethods=363 adapters=263
 compilation: enabled
              stopped_count=0, restarted_count=0
 full_count=0

Compilation events (10 events):
Event: 0.221 Thread 0x00000221f64b4800 nmethod 361 0x00000221e3f4c990 code [0x00000221e3f4cb40, 0x00000221e3f4cc98]
Event: 0.221 Thread 0x00000221f64b4800  363       3       java.lang.ThreadLocal::get (38 bytes)
Event: 0.222 Thread 0x00000221f64b4800 nmethod 363 0x00000221e3f4cd90 code [0x00000221e3f4cf80, 0x00000221e3f4d2b0]
Event: 0.222 Thread 0x00000221f64b4800  364       3       java.util.ArrayList::iterator (9 bytes)
Event: 0.222 Thread 0x00000221f64b4800 nmethod 364 0x00000221e3f4d410 code [0x00000221e3f4d5e0, 0x00000221e3f4d8b8]
Event: 0.222 Thread 0x00000221f64b4800  365       3       java.util.ArrayList$Itr::<init> (26 bytes)
Event: 0.222 Thread 0x00000221f64b4800 nmethod 365 0x00000221e3f4d990 code [0x00000221e3f4db40, 0x00000221e3f4dd78]
Event: 0.223 Thread 0x00000221f64b4800  366       3       java.util.LinkedHashMap$LinkedKeyIterator::next (8 bytes)
Event: 0.223 Thread 0x00000221f64b4800 nmethod 366 0x00000221e3f4de90 code [0x00000221e3f4e060, 0x00000221e3f4e210]
Event: 0.223 Thread 0x00000221f64b4800  367       3       java.util.regex.Pattern::escape (1323 bytes)

GC Heap History (0 events):
No events

Deoptimization events (1 events):
Event: 0.084 Thread 0x00000221db5dd000 Uncommon trap: reason=unstable_if action=reinterpret pc=0x00000221eb3f4df0 method=java.lang.String.hashCode()I @ 14 c2

Classes redefined (0 events):
No events

Internal exceptions (4 events):
Event: 0.164 Thread 0x00000221db5dd000 Exception <a 'java/lang/NoSuchMethodError'{0x00000000ffc06cf8}: java.lang.invoke.DirectMethodHandle$Holder.invokeStaticInit(Ljava/lang/Object;Ljava/lang/Object;)I> (0x00000000ffc06cf8) thrown at [t:/workspace/open/src/hotspot/share/interpreter/linkResolve
Event: 0.203 Thread 0x00000221db5dd000 Exception <a 'java/lang/NoSuchMethodError'{0x00000000ffb1a258}: java.lang.invoke.DirectMethodHandle$Holder.invokeSpecial(Ljava/lang/Object;Ljava/lang/Object;Ljava/lang/Object;Ljava/lang/Object;)I> (0x00000000ffb1a258) thrown at [t:/workspace/open/src/hots
Event: 0.208 Thread 0x00000221db5dd000 Exception <a 'java/lang/NoSuchMethodError'{0x00000000ffb5c748}: java.lang.invoke.DirectMethodHandle$Holder.invokeSpecialIFC(Ljava/lang/Object;Ljava/lang/Object;I)I> (0x00000000ffb5c748) thrown at [t:/workspace/open/src/hotspot/share/interpreter/linkResolv
Event: 0.230 Thread 0x00000221db5dd000 Exception <a 'java/lang/OutOfMemoryError'{0x00000000ff960718}> (0x00000000ff960718) thrown at [t:/workspace/open/src/hotspot/share/prims/jni.cpp, line 636]

Events (10 events):
Event: 0.230 loading class java/lang/Throwable$PrintStreamOrWriter done
Event: 0.230 loading class java/lang/Throwable$WrappedPrintStream done
Event: 0.230 loading class java/nio/CharBuffer
Event: 0.231 loading class java/nio/CharBuffer done
Event: 0.231 loading class java/nio/HeapCharBuffer
Event: 0.231 loading class java/nio/HeapCharBuffer done
Event: 0.231 loading class java/nio/charset/CoderResult
Event: 0.231 loading class java/nio/charset/CoderResult done
Event: 0.231 loading class java/lang/StackTraceElement$HashedModules
Event: 0.231 loading class java/lang/StackTraceElement$HashedModules done


Dynamic libraries:
0x00007ff6aeb00000 - 0x00007ff6aeb45000 	C:\Users\MSI-1\AppData\Local\jdk-11.0.2\bin\java.exe
0x00007ffb16bd0000 - 0x00007ffb16de7000 	C:\Windows\SYSTEM32\ntdll.dll
0x00007ffb14dc0000 - 0x00007ffb14e84000 	C:\Windows\System32\KERNEL32.DLL
0x00007ffb13cf0000 - 0x00007ffb140c2000 	C:\Windows\System32\KERNELBASE.dll
0x00007ffb15e00000 - 0x00007ffb15fb1000 	C:\Windows\System32\USER32.dll
0x00007ffb14830000 - 0x00007ffb14856000 	C:\Windows\System32\win32u.dll
0x00007ffb164e0000 - 0x00007ffb16509000 	C:\Windows\System32\GDI32.dll
0x00007ffb140d0000 - 0x00007ffb141f3000 	C:\Windows\System32\gdi32full.dll
0x00007ffb14200000 - 0x00007ffb1429a000 	C:\Windows\System32\msvcp_win.dll
0x00007ffb14520000 - 0x00007ffb14631000 	C:\Windows\System32\ucrtbase.dll
0x00007ffb090a0000 - 0x00007ffb0933b000 	C:\Windows\WinSxS\amd64_microsoft.windows.common-controls_6595b64144ccf1df_6.0.22621.5415_none_270d77d17387d7da\COMCTL32.dll
0x00007ffb15b00000 - 0x00007ffb15ba7000 	C:\Windows\System32\msvcrt.dll
0x00007ffb14d80000 - 0x00007ffb14db1000 	C:\Windows\System32\IMM32.DLL
0x00007ffb10b10000 - 0x00007ffb10b26000 	C:\Users\MSI-1\AppData\Local\jdk-11.0.2\bin\vcruntime140.dll
0x00007ffaf5df0000 - 0x00007ffaf5e9a000 	C:\Users\MSI-1\AppData\Local\jdk-11.0.2\bin\msvcp140.dll
0x00007ffad0300000 - 0x00007ffad0e23000 	C:\Users\MSI-1\AppData\Local\jdk-11.0.2\bin\server\jvm.dll
0x00007ffb16ac0000 - 0x00007ffb16b71000 	C:\Windows\System32\ADVAPI32.dll
0x00007ffb159c0000 - 0x00007ffb15a68000 	C:\Windows\System32\sechost.dll
0x00007ffb13cc0000 - 0x00007ffb13ce8000 	C:\Windows\System32\bcrypt.dll
0x00007ffb15c60000 - 0x00007ffb15d74000 	C:\Windows\System32\RPCRT4.dll
0x00007ffb160f0000 - 0x00007ffb160f8000 	C:\Windows\System32\PSAPI.DLL
0x00007ffb096a0000 - 0x00007ffb096aa000 	C:\Windows\SYSTEM32\VERSION.dll
0x00007ffb10af0000 - 0x00007ffb10af9000 	C:\Windows\SYSTEM32\WSOCK32.dll
0x00007ffb15d80000 - 0x00007ffb15df1000 	C:\Windows\System32\WS2_32.dll
0x00007ffb0dbb0000 - 0x00007ffb0dbe4000 	C:\Windows\SYSTEM32\WINMM.dll
0x00007ffb12c50000 - 0x00007ffb12c68000 	C:\Windows\SYSTEM32\kernel.appcore.dll
0x00007ffb0ee80000 - 0x00007ffb0ee91000 	C:\Users\MSI-1\AppData\Local\jdk-11.0.2\bin\verify.dll
0x00007ffb115d0000 - 0x00007ffb11803000 	C:\Windows\SYSTEM32\DBGHELP.DLL
0x00007ffb149e0000 - 0x00007ffb14d73000 	C:\Windows\System32\combase.dll
0x00007ffb158e0000 - 0x00007ffb159b7000 	C:\Windows\System32\OLEAUT32.dll
0x00007ffb050b0000 - 0x00007ffb050e2000 	C:\Windows\SYSTEM32\dbgcore.DLL
0x00007ffb142a0000 - 0x00007ffb1431b000 	C:\Windows\System32\bcryptPrimitives.dll
0x00007ffb0e470000 - 0x00007ffb0e498000 	C:\Users\MSI-1\AppData\Local\jdk-11.0.2\bin\java.dll
0x00007ffb0ee60000 - 0x00007ffb0ee76000 	C:\Users\MSI-1\AppData\Local\jdk-11.0.2\bin\zip.dll
0x00007ffb0e6c0000 - 0x00007ffb0e6ca000 	C:\Users\MSI-1\AppData\Local\jdk-11.0.2\bin\jimage.dll
0x00007ffb15030000 - 0x00007ffb158d2000 	C:\Windows\System32\SHELL32.dll
0x00007ffb14320000 - 0x00007ffb1445f000 	C:\Windows\System32\wintypes.dll
0x00007ffb11ba0000 - 0x00007ffb124be000 	C:\Windows\SYSTEM32\windows.storage.dll
0x00007ffb163d0000 - 0x00007ffb164db000 	C:\Windows\System32\SHCORE.dll
0x00007ffb16360000 - 0x00007ffb163c9000 	C:\Windows\System32\shlwapi.dll
0x00007ffb13bf0000 - 0x00007ffb13c1b000 	C:\Windows\SYSTEM32\profapi.dll
0x00007ffb0e650000 - 0x00007ffb0e669000 	C:\Users\MSI-1\AppData\Local\jdk-11.0.2\bin\net.dll
0x00007ffaf5250000 - 0x00007ffaf5445000 	C:\Windows\SYSTEM32\urlmon.dll
0x00007ffb0f4f0000 - 0x00007ffb0f61c000 	C:\Windows\SYSTEM32\WINHTTP.dll
0x00007ffaf4e40000 - 0x00007ffaf50ff000 	C:\Windows\SYSTEM32\iertutil.dll
0x00007ffb12710000 - 0x00007ffb1271c000 	C:\Windows\SYSTEM32\netutils.dll
0x00007ffaf4970000 - 0x00007ffaf4998000 	C:\Windows\SYSTEM32\srvcli.dll
0x00007ffb13130000 - 0x00007ffb13199000 	C:\Windows\system32\mswsock.dll
0x00007ffb0e450000 - 0x00007ffb0e463000 	C:\Users\MSI-1\AppData\Local\jdk-11.0.2\bin\nio.dll

dbghelp: loaded successfully - version: 4.0.5 - missing functions: none
symbol engine: initialized successfully - sym options: 0x614 - pdb path: .;C:\Users\MSI-1\AppData\Local\jdk-11.0.2\bin;C:\Windows\SYSTEM32;C:\Windows\WinSxS\amd64_microsoft.windows.common-controls_6595b64144ccf1df_6.0.22621.5415_none_270d77d17387d7da;C:\Users\MSI-1\AppData\Local\jdk-11.0.2\bin\server

VM Arguments:
jvm_args: -Xmx64m -Xms64m -Dorg.gradle.appname=gradlew 
java_command: C:\Users\MSI-1\Desktop\Bluetooth\Bluetooth\android\\gradle\wrapper\gradle-wrapper.jar app:installDebug -PreactNativeDevServerPort=8081
java_class_path (initial): C:\Users\MSI-1\Desktop\Bluetooth\Bluetooth\android\\gradle\wrapper\gradle-wrapper.jar
Launcher Type: SUN_STANDARD

[Global flags]
     intx CICompilerCount                          = 4                                         {product} {ergonomic}
     uint ConcGCThreads                            = 3                                         {product} {ergonomic}
     uint G1ConcRefinementThreads                  = 10                                        {product} {ergonomic}
   size_t G1HeapRegionSize                         = 1048576                                   {product} {ergonomic}
    uintx GCDrainStackTargetSize                   = 64                                        {product} {ergonomic}
   size_t InitialHeapSize                          = 67108864                                  {product} {command line}
   size_t MarkStackSize                            = 4194304                                   {product} {ergonomic}
   size_t MaxHeapSize                              = 67108864                                  {product} {command line}
   size_t MaxNewSize                               = 39845888                                  {product} {ergonomic}
   size_t MinHeapDeltaBytes                        = 1048576                                   {product} {ergonomic}
    uintx NonNMethodCodeHeapSize                   = 5835340                                {pd product} {ergonomic}
    uintx NonProfiledCodeHeapSize                  = 122911450                              {pd product} {ergonomic}
    uintx ProfiledCodeHeapSize                     = 122911450                              {pd product} {ergonomic}
    uintx ReservedCodeCacheSize                    = 251658240                              {pd product} {ergonomic}
     bool SegmentedCodeCache                       = true                                      {product} {ergonomic}
     bool UseCompressedClassPointers               = true                                 {lp64_product} {ergonomic}
     bool UseCompressedOops                        = true                                 {lp64_product} {ergonomic}
     bool UseG1GC                                  = true                                      {product} {ergonomic}
     bool UseLargePagesIndividualAllocation        = false                                  {pd product} {ergonomic}

Logging:
Log output configuration:
 #0: stdout all=warning uptime,level,tags
 #1: stderr all=off uptime,level,tags

Environment Variables:
JAVA_HOME=C:\Users\MSI-1\AppData\Local\jdk-11.0.2
PATH=C:\Users\MSI-1\Desktop\Bluetooth\Bluetooth\node_modules\.bin;C:\Users\MSI-1\Desktop\Bluetooth\Bluetooth\node_modules\.bin;C:\Users\MSI-1\Desktop\Bluetooth\node_modules\.bin;C:\Users\MSI-1\Desktop\node_modules\.bin;C:\Users\MSI-1\node_modules\.bin;C:\Users\node_modules\.bin;C:\node_modules\.bin;C:\Program Files\nodejs\node_modules\npm\node_modules\@npmcli\run-script\lib\node-gyp-bin;C:\Program Files\Eclipse Adoptium\jdk-11.0.27.6-hotspot\bin;C:\Program Files\Eclipse Adoptium\jdk-21.0.7.6-hotspot\bin;C:\Program Files\Eclipse Adoptium\jdk-17.0.15.6-hotspot\bin;C:\Program Files\Common Files\Oracle\Java\javapath;C:\Program Files (x86)\Common Files\Oracle\Java\java8path;C:\Program Files (x86)\Common Files\Oracle\Java\javapath;C:\Windows\system32;C:\Windows;C:\Windows\System32\Wbem;C:\Windows\System32\WindowsPowerShell\v1.0\;C:\Windows\System32\OpenSSH\;C:\Program Files\dotnet\;C:\Program Files\nodejs\;C:\Program Files\Arduino CLI\;C:\Program Files\Git\cmd;C:\Program Files\Java\jdk-17;C:\Program Files\Eclipse Adoptium\jdk-11.0.x\bin;C:\Users\MSI-1\AppData\Local\Android\Sdk\platform-tools;C:\Users\MSI-1\AppData\Local\Android\Sdk\tools;C:\Users\MSI-1\AppData\Local\jdk-11.0.2\bin;C:\Users\MSI-1\AppData\Local\Microsoft\WindowsApps;C:\Users\MSI-1\AppData\Local\Programs\cursor\resources\app\bin;C:\Users\MSI-1\.dotnet\tools;C:\Users\MSI-1\AppData\Roaming\npm;C:\Users\MSI-1\AppData\Local\Programs\Microsoft VS Code\bin;C:\Users\MSI-1\AppData\Local\UniFlash\ArduinoCli
USERNAME=MSI-1
OS=Windows_NT
PROCESSOR_IDENTIFIER=Intel64 Family 6 Model 154 Stepping 4, GenuineIntel



---------------  S Y S T E M  ---------------

OS: Windows 10 , 64 bit Build 22621 (10.0.22621.5415)

CPU:total 12 (initial active 12) (6 cores per cpu, 2 threads per core) family 6 model 154 stepping 4, cmov, cx8, fxsr, mmx, sse, sse2, sse3, ssse3, sse4.1, sse4.2, popcnt, avx, avx2, aes, clmul, erms, 3dnowpref, lzcnt, ht, tsc, tscinvbit, bmi1, bmi2, adx, sha, fma

Memory: 4k page, system-wide physical 16087M (1591M free)
TotalPageFile size 65239M (AvailPageFile size 3M)
current process WorkingSet (physical memory assigned to process): 42M, peak: 42M
current process commit charge ("private bytes"): 146M, peak: 146M

vm_info: OpenJDK 64-Bit Server VM (11.0.2+9) for windows-amd64 JRE (11.0.2+9), built on Jan 18 2019 05:23:22 by "mach5one" with MS VC++ 15.5 (VS2017)

END.
